<?xml version="1.0" encoding="UTF-8"?>
<!-- Generated by org.testng.reporters.JUnitReportReporter -->
<testsuite skipped="0" hostname="Admins-MBP.lan1" name="com.qa.tests.TestNG" tests="4" failures="0" timestamp="21 Nov 2019 16:24:49 GMT" time="0.010" errors="0">
  <testcase name="subtraction" time="0.000" classname="com.qa.tests.TestNG"/>
  <testcase name="div" time="0.000" classname="com.qa.tests.TestNG"/>
  <testcase name="addition" time="0.010" classname="com.qa.tests.TestNG"/>
  <testcase name="multi" time="0.000" classname="com.qa.tests.TestNG"/>
</testsuite> <!-- com.qa.tests.TestNG -->
